Interatomic Bond Distance
1- 0  2.84511
2- 0  4.55395
2- 1  2.29803
3- 0  4.19912
3- 1  2.09811
3- 2  3.81330
4- 0  2.06517
4- 1  4.04342
4- 2  4.84040
4- 3  5.87463
5- 0  2.07407
5- 1  4.05133
5- 2  5.89151
5- 3  4.83836
5- 4  3.38971
6- 0  2.07407
6- 1  4.05133
6- 2  5.89151
6- 3  4.83836
6- 4  3.38971
6- 5  3.33994

Bond Angles
2- 1- 0 124.268308
3- 1- 0 115.479341
3- 2- 1  28.377448
5- 4- 0  35.109529
6- 4- 0  35.109529
6- 5- 0  36.373677
6- 5- 4  60.484476

Out-Of-Plane Bends
0- 3- 1- 2   0.000000
0- 6- 4- 5  19.939726
0- 6- 5- 4 -19.850523
0- 5- 6- 4  19.850523
1- 5- 0- 4  53.678778
1- 6- 0- 4 -53.678778
1- 6- 0- 5  54.977064
2- 3- 1- 0   0.000000
3- 2- 1- 0   0.000000
4- 5- 0- 1 -53.651534
4- 6- 0- 1  53.651534
4- 6- 0- 5 -54.869992
4- 6- 5- 0  29.885677
4- 5- 6- 0 -29.885677
5- 4- 0- 1  53.626323
5- 6- 0- 1 -56.277112
5- 6- 0- 4  56.194621
5- 6- 4- 0 -30.558964
5- 4- 6- 0  31.064344
6- 4- 0- 1 -53.626323
6- 5- 0- 1  56.277112
6- 5- 0- 4 -56.194621
6- 5- 4- 0  30.558964
6- 4- 5- 0 -31.064344

Torsional/Dihedral Angles
3- 2- 1- 0 180.000000
6- 5- 4- 0  36.366799

Molecular center of mass:   0.644949   0.000000   2.316638

Principle Moments of Inertia (amu Bohr^2)
 31.964079 178.649561 199.371127

Principle Moments of Inertia (amu Angstrom^2)
  8.950855  50.026980  55.829610

Principle Moments of Inertia (g cm^2)
1.486325e-39 8.307181e-39 9.270731e-39

This molecule's rotor type is Asymmetric Top

Rotational Constants (cm^-1)
    1.8833     0.3370     0.3019

Rotational Constants (MHz)
 56460.898  10102.015   9052.066

